<?xml version="1.0" encoding="UTF-8" ?>
<testsuite name="BackendTests" timestamp="2026&#x002D;08&#x002D;16T08:29:15" hostname="DESKTOP&#x002D;OSU3MCJ" tests="4" failures="1" errors="0" skipped="0" time="0.444">
  <properties>
    <property name="QTestVersion" value="6.11.0"/>
    <property name="QtVersion" value="6.11.0"/>
    <property name="QtBuild" value="Qt 6.11.0 (x86_64&#x002D;little_endian&#x002D;llp64 shared (dynamic) release build; by GCC 13.1.0)"/>
  </properties>
  <testcase name="initTestCase" classname="BackendTests" time="0.000"/>
  <testcase name="projectTimelinePersistence" classname="BackendTests" time="0.004">
    <failure type="fail" message="&apos;backend.removeLastTrack(&quot;video&quot;)&apos; returned FALSE. ()"/>
  </testcase>
  <testcase name="ffmpegImportAndExport" classname="BackendTests" time="0.436"/>
  <testcase name="cleanupTestCase" classname="BackendTests" time="0.000"/>
</testsuite>
